The system is: Windows - 10.0.18363 - AMD64
Compiling the C compiler identification source file "CMakeCCompilerId.c" succeeded.
Compiler: C:/Program Files (x86)/Microsoft Visual Studio/2019/Community/VC/Tools/MSVC/14.23.28105/bin/Hostx86/x86/cl.exe 
Build flags: 
Id flags:  

The output was:
0
Microsoft (R) C/C++ Optimizing Compiler Version 19.23.28106.4 for x86
Copyright (C) Microsoft Corporation.  All rights reserved.

CMakeCCompilerId.c
Microsoft (R) Incremental Linker Version 14.23.28106.4
Copyright (C) Microsoft Corporation.  All rights reserved.

/out:CMakeCCompilerId.exe 
CMakeCCompilerId.obj 


Compilation of the C compiler identification source "CMakeCCompilerId.c" produced "CMakeCCompilerId.exe"

Compilation of the C compiler identification source "CMakeCCompilerId.c" produced "CMakeCCompilerId.obj"

The C compiler identification is MSVC, found in "D:/programming/c/alphaV4/cmake-build-debug/CMakeFiles/3.15.3/CompilerIdC/CMakeCCompilerId.exe"

Determining if the C compiler works passed with the following output:
Change Dir: D:/programming/c/alphaV4/cmake-build-debug/CMakeFiles/CMakeTmp

Run Build Command(s):nmake /nologo cmTC_6ea66\fast && 	"C:\Program Files (x86)\Microsoft Visual Studio\2019\Community\VC\Tools\MSVC\14.23.28105\bin\HostX86\x86\nmake.exe" -f CMakeFiles\cmTC_6ea66.dir\build.make /nologo -L                  CMakeFiles\cmTC_6ea66.dir\build
Building C object CMakeFiles/cmTC_6ea66.dir/testCCompiler.c.obj
	C:\PROGRA~2\MICROS~2\2019\COMMUN~1\VC\Tools\MSVC\1423~1.281\bin\Hostx86\x86\cl.exe @C:\Users\lucde\AppData\Local\Temp\nm53D1.tmp
testCCompiler.c
Linking C executable cmTC_6ea66.exe
	"C:\Program Files\JetBrains\CLion 2019.3.4\bin\cmake\win\bin\cmake.exe" -E vs_link_exe --intdir=CMakeFiles\cmTC_6ea66.dir --rc=C:\PROGRA~2\WI3CF2~1\10\bin\100183~1.0\x86\rc.exe --mt=C:\PROGRA~2\WI3CF2~1\10\bin\100183~1.0\x86\mt.exe --manifests  -- C:\PROGRA~2\MICROS~2\2019\COMMUN~1\VC\Tools\MSVC\1423~1.281\bin\Hostx86\x86\link.exe /nologo @CMakeFiles\cmTC_6ea66.dir\objects1.rsp @C:\Users\lucde\AppData\Local\Temp\nm572E.tmp



Detecting C compiler ABI info compiled with the following output:
Change Dir: D:/programming/c/alphaV4/cmake-build-debug/CMakeFiles/CMakeTmp

Run Build Command(s):nmake /nologo cmTC_4c1de\fast && 	"C:\Program Files (x86)\Microsoft Visual Studio\2019\Community\VC\Tools\MSVC\14.23.28105\bin\HostX86\x86\nmake.exe" -f CMakeFiles\cmTC_4c1de.dir\build.make /nologo -L                  CMakeFiles\cmTC_4c1de.dir\build
Building C object CMakeFiles/cmTC_4c1de.dir/CMakeCCompilerABI.c.obj
	C:\PROGRA~2\MICROS~2\2019\COMMUN~1\VC\Tools\MSVC\1423~1.281\bin\Hostx86\x86\cl.exe @C:\Users\lucde\AppData\Local\Temp\nm62E5.tmp
CMakeCCompilerABI.c
Linking C executable cmTC_4c1de.exe
	"C:\Program Files\JetBrains\CLion 2019.3.4\bin\cmake\win\bin\cmake.exe" -E vs_link_exe --intdir=CMakeFiles\cmTC_4c1de.dir --rc=C:\PROGRA~2\WI3CF2~1\10\bin\100183~1.0\x86\rc.exe --mt=C:\PROGRA~2\WI3CF2~1\10\bin\100183~1.0\x86\mt.exe --manifests  -- C:\PROGRA~2\MICROS~2\2019\COMMUN~1\VC\Tools\MSVC\1423~1.281\bin\Hostx86\x86\link.exe /nologo @CMakeFiles\cmTC_4c1de.dir\objects1.rsp @C:\Users\lucde\AppData\Local\Temp\nm64DA.tmp



